d:\北京应急场馆\升级\前台自动退卡\工程\backcard\bin\other\.lib
d:\北京应急场馆\升级\前台自动退卡\工程\backcard\bin\other\.exp
d:\北京应急场馆\升级\前台自动退卡\工程\backcard\projects\backcard\debug\vc120.pdb
d:\北京应急场馆\升级\前台自动退卡\工程\backcard\projects\backcard\debug\vc120.idb
d:\北京应急场馆\升级\前台自动退卡\工程\backcard\projects\backcard\debug\opensess_exp.obj
d:\北京应急场馆\升级\前台自动退卡\工程\backcard\projects\backcard\debug\globaldata.obj
d:\北京应急场馆\升级\前台自动退卡\工程\backcard\projects\backcard\debug\grouprslt.obj
d:\北京应急场馆\升级\前台自动退卡\工程\backcard\projects\backcard\debug\cjson.obj
d:\北京应急场馆\升级\前台自动退卡\工程\backcard\projects\backcard\debug\main.obj
d:\北京应急场馆\升级\前台自动退卡\工程\backcard\projects\backcard\debug\mysqldb.obj
d:\北京应急场馆\升级\前台自动退卡\工程\backcard\projects\backcard\debug\p2p.obj
d:\北京应急场馆\升级\前台自动退卡\工程\backcard\projects\backcard\debug\p2pclient.obj
d:\北京应急场馆\升级\前台自动退卡\工程\backcard\projects\backcard\debug\protobuffer.obj
d:\北京应急场馆\升级\前台自动退卡\工程\backcard\projects\backcard\debug\rediscommand.obj
d:\北京应急场馆\升级\前台自动退卡\工程\backcard\projects\backcard\debug\responsepkt.obj
d:\北京应急场馆\升级\前台自动退卡\工程\backcard\projects\backcard\debug\responser.obj
d:\北京应急场馆\升级\前台自动退卡\工程\backcard\projects\backcard\debug\coms.obj
d:\北京应急场馆\升级\前台自动退卡\工程\backcard\projects\backcard\debug\serialcom.obj
d:\北京应急场馆\升级\前台自动退卡\工程\backcard\projects\backcard\debug\tool.obj
d:\北京应急场馆\升级\前台自动退卡\工程\backcard\projects\backcard\debug\subject.obj
d:\北京应急场馆\升级\前台自动退卡\工程\backcard\projects\backcard\debug\forward.obj
d:\北京应急场馆\升级\前台自动退卡\工程\backcard\projects\backcard\debug\userstatus.obj
d:\北京应急场馆\升级\前台自动退卡\工程\backcard\projects\backcard\debug\warnsvr_callback.obj
d:\北京应急场馆\升级\前台自动退卡\工程\backcard\projects\backcard\debug\warnsvr_expat.obj
d:\北京应急场馆\升级\前台自动退卡\工程\backcard\projects\backcard\debug\moniclient_callback.obj
d:\北京应急场馆\升级\前台自动退卡\工程\backcard\projects\backcard\debug\moniclient_expat.obj
d:\北京应急场馆\升级\前台自动退卡\工程\backcard\projects\backcard\debug\buffer.obj
d:\北京应急场馆\升级\前台自动退卡\工程\backcard\projects\backcard\debug\client.obj
d:\北京应急场馆\升级\前台自动退卡\工程\backcard\projects\backcard\debug\dbaccess.obj
d:\北京应急场馆\升级\前台自动退卡\工程\backcard\projects\backcard\debug\devexpat.obj
d:\北京应急场馆\升级\前台自动退卡\工程\backcard\projects\backcard\debug\expat.obj
d:\北京应急场馆\升级\前台自动退卡\工程\backcard\projects\backcard\debug\getrefsvr.obj
d:\北京应急场馆\升级\前台自动退卡\工程\backcard\projects\backcard\debug\json_string.obj
d:\北京应急场馆\升级\前台自动退卡\工程\backcard\projects\backcard\debug\printsvr_callback.obj
d:\北京应急场馆\升级\前台自动退卡\工程\backcard\projects\backcard\debug\printsvr_expat.obj
d:\北京应急场馆\升级\前台自动退卡\工程\backcard\projects\backcard\debug\my_curl.obj
d:\北京应急场馆\升级\前台自动退卡\工程\backcard\bin\exe\backcard.exe
d:\北京应急场馆\升级\前台自动退卡\工程\backcard\projects\backcard\debug\bdsvr_callback.obj
d:\北京应急场馆\升级\前台自动退卡\工程\backcard\projects\backcard\debug\bdsvr_expat.obj
d:\北京应急场馆\升级\前台自动退卡\工程\backcard\projects\backcard\debug\monitor_callback.obj
d:\北京应急场馆\升级\前台自动退卡\工程\backcard\projects\backcard\debug\monitor_expat.obj
d:\北京应急场馆\升级\前台自动退卡\工程\backcard\projects\backcard\debug\backcard.tlog\backcard.write.1u.tlog
d:\北京应急场馆\升级\前台自动退卡\工程\backcard\projects\backcard\debug\backcard.tlog\cl.command.1.tlog
d:\北京应急场馆\升级\前台自动退卡\工程\backcard\projects\backcard\debug\backcard.tlog\cl.read.1.tlog
d:\北京应急场馆\升级\前台自动退卡\工程\backcard\projects\backcard\debug\backcard.tlog\cl.write.1.tlog
d:\北京应急场馆\升级\前台自动退卡\工程\backcard\projects\backcard\debug\backcard.tlog\link.command.1.tlog
d:\北京应急场馆\升级\前台自动退卡\工程\backcard\projects\backcard\debug\backcard.tlog\link.read.1.tlog
d:\北京应急场馆\升级\前台自动退卡\工程\backcard\projects\backcard\debug\backcard.tlog\link.write.1.tlog
